TN:
SF:src/app.ts
FN:12,main
FNF:1
FNH:1
FNDA:2,main
DA:1,1
DA:2,1
DA:3,1
DA:4,1
DA:5,1
DA:6,1
DA:7,1
DA:8,1
DA:9,1
DA:10,1
DA:11,1
DA:12,2
DA:13,2
DA:14,2
DA:15,2
DA:16,2
DA:17,2
DA:18,2
DA:19,2
DA:20,2
DA:21,2
DA:22,2
DA:23,2
DA:24,2
DA:25,2
DA:26,2
DA:27,2
DA:28,2
DA:29,2
DA:30,2
DA:31,2
DA:32,1
DA:33,1
DA:34,1
DA:35,1
DA:36,1
DA:37,1
DA:38,1
DA:39,1
DA:40,1
DA:41,1
DA:42,1
DA:43,1
DA:44,1
DA:45,1
DA:46,1
DA:47,1
DA:48,1
DA:49,1
DA:50,1
DA:51,1
DA:52,1
DA:53,1
DA:54,1
DA:55,1
DA:56,1
DA:57,1
DA:58,1
DA:59,1
DA:60,1
DA:61,1
DA:62,1
DA:63,1
DA:64,1
DA:65,1
DA:66,1
DA:67,1
DA:68,1
DA:69,1
DA:70,1
DA:71,1
DA:72,1
DA:73,1
DA:74,1
DA:75,1
DA:76,1
DA:77,1
DA:78,1
DA:79,1
DA:80,1
DA:81,1
DA:82,1
DA:83,1
DA:84,1
DA:85,1
DA:86,1
DA:87,1
DA:88,1
DA:89,1
DA:90,1
LF:90
LH:90
BRDA:6,0,0,1
BRDA:6,1,0,1
BRDA:12,2,0,2
BRF:3
BRH:3
end_of_record
TN:
SF:src/config/bycrypt.adapter.ts
FN:5,hash
FN:10,compare
FNF:2
FNH:0
FNDA:0,hash
FNDA:0,compare
DA:1,1
DA:2,1
DA:3,1
DA:4,1
DA:5,1
DA:6,0
DA:7,0
DA:8,1
DA:9,1
DA:10,1
DA:11,0
DA:12,1
DA:13,1
LF:13
LH:10
BRF:0
BRH:0
end_of_record
TN:
SF:src/config/index.ts
FNF:0
FNH:0
DA:1,1
DA:2,1
DA:3,1
LF:3
LH:3
BRF:0
BRH:0
end_of_record
TN:
SF:src/config/regular-exp.ts
FNF:0
FNH:0
DA:1,1
DA:2,1
DA:3,1
DA:4,1
LF:4
LH:4
BRF:0
BRH:0
end_of_record
TN:
SF:src/data/index.ts
FNF:0
FNH:0
DA:1,1
DA:2,1
DA:3,1
DA:4,1
DA:5,1
DA:6,1
DA:7,1
DA:8,1
DA:9,1
DA:10,1
DA:11,1
LF:11
LH:11
BRF:0
BRH:0
end_of_record
TN:
SF:src/data/postgres/postgres.database.ts
FN:26,PostgresDatabase
FN:42,connect
FNF:2
FNH:2
FNDA:2,PostgresDatabase
FNDA:2,connect
DA:1,1
DA:2,1
DA:3,1
DA:4,1
DA:5,1
DA:6,1
DA:7,1
DA:8,1
DA:9,1
DA:10,1
DA:11,1
DA:12,1
DA:13,1
DA:14,1
DA:15,1
DA:16,1
DA:17,1
DA:18,1
DA:19,1
DA:20,1
DA:21,1
DA:22,1
DA:23,1
DA:24,1
DA:25,1
DA:26,1
DA:27,2
DA:28,2
DA:29,2
DA:30,2
DA:31,2
DA:32,2
DA:33,2
DA:34,2
DA:35,2
DA:36,2
DA:37,2
DA:38,2
DA:39,2
DA:40,1
DA:41,1
DA:42,1
DA:43,2
DA:44,2
DA:45,2
DA:46,2
DA:47,0
DA:48,0
DA:49,0
DA:50,2
DA:51,1
LF:51
LH:48
BRDA:26,0,0,2
BRDA:42,1,0,2
BRDA:46,2,0,0
BRF:3
BRH:2
end_of_record
TN:
SF:src/data/postgres/models/user.model.ts
FN:41,encrypterPassword
FNF:1
FNH:0
FNDA:0,encrypterPassword
DA:1,1
DA:2,1
DA:3,1
DA:4,1
DA:5,1
DA:6,1
DA:7,1
DA:8,1
DA:9,1
DA:10,1
DA:11,1
DA:12,1
DA:13,1
DA:14,1
DA:15,1
DA:16,1
DA:17,1
DA:18,1
DA:19,1
DA:20,1
DA:21,1
DA:22,1
DA:23,1
DA:24,1
DA:25,1
DA:26,1
DA:27,1
DA:28,1
DA:29,1
DA:30,1
DA:31,1
DA:32,1
DA:33,1
DA:34,1
DA:35,1
DA:36,1
DA:37,1
DA:38,1
DA:39,1
DA:40,1
DA:41,1
DA:42,0
DA:43,0
DA:44,1
DA:45,1
LF:45
LH:43
BRDA:31,0,0,2
BRDA:31,1,0,2
BRF:2
BRH:2
end_of_record
TN:
SF:src/domain/index.ts
FNF:0
FNH:0
DA:1,1
DA:2,1
LF:2
LH:2
BRF:0
BRH:0
end_of_record
TN:
SF:src/domain/dtos/user/user.register.dto.ts
FN:4,UserCreateUserDto
FN:12,create
FNF:2
FNH:0
FNDA:0,UserCreateUserDto
FNDA:0,create
DA:1,1
DA:2,1
DA:3,1
DA:4,1
DA:5,0
DA:6,0
DA:7,0
DA:8,1
DA:9,1
DA:10,1
DA:11,1
DA:12,1
DA:13,0
DA:14,0
DA:15,0
DA:16,0
DA:17,0
DA:18,0
DA:19,0
DA:20,0
DA:21,0
DA:22,0
DA:23,1
DA:24,1
LF:24
LH:11
BRF:0
BRH:0
end_of_record
TN:
SF:src/presentation/routes.ts
FN:5,get routes
FNF:1
FNH:1
FNDA:2,get routes
DA:1,1
DA:2,1
DA:3,1
DA:4,1
DA:5,1
DA:6,2
DA:7,2
DA:8,2
DA:9,2
DA:10,2
DA:11,2
DA:12,2
DA:13,2
DA:14,2
DA:15,2
DA:16,2
DA:17,2
DA:18,1
LF:18
LH:18
BRDA:5,0,0,2
BRF:1
BRH:1
end_of_record
TN:
SF:src/presentation/server.ts
FN:15,Server
FN:21,start
FNF:2
FNH:0
FNDA:0,Server
FNDA:0,start
DA:1,1
DA:2,1
DA:3,1
DA:4,1
DA:5,1
DA:6,1
DA:7,1
DA:8,1
DA:9,1
DA:10,1
DA:11,1
DA:12,1
DA:13,1
DA:14,1
DA:15,1
DA:16,0
DA:17,0
DA:18,1
DA:19,1
DA:20,1
DA:21,1
DA:22,0
DA:23,0
DA:24,0
DA:25,0
DA:26,0
DA:27,0
DA:28,0
DA:29,0
DA:30,0
DA:31,0
DA:32,0
DA:33,1
DA:34,1
DA:35,1
LF:35
LH:22
BRF:0
BRH:0
end_of_record
TN:
SF:src/presentation/services/user.service.ts
FN:6,UserServices
FN:8,create
FNF:2
FNH:1
FNDA:2,UserServices
FNDA:0,create
DA:1,1
DA:2,1
DA:3,1
DA:4,1
DA:5,1
DA:6,1
DA:7,1
DA:8,1
DA:9,0
DA:10,0
DA:11,0
DA:12,0
DA:13,0
DA:14,0
DA:15,0
DA:16,0
DA:17,0
DA:18,0
DA:19,0
DA:20,0
DA:21,0
DA:22,0
DA:23,0
DA:24,0
DA:25,0
DA:26,1
LF:26
LH:9
BRDA:6,0,0,2
BRF:1
BRH:1
end_of_record
TN:
SF:src/presentation/users/users.controller.ts
FN:8,UserController
FN:12,UserController.getErrorMessage
FN:20,UserController.createUser
FNF:3
FNH:1
FNDA:2,UserController
FNDA:0,UserController.getErrorMessage
FNDA:0,UserController.createUser
DA:1,1
DA:2,1
DA:3,1
DA:4,1
DA:5,1
DA:6,1
DA:7,1
DA:8,1
DA:9,2
DA:10,1
DA:11,1
DA:12,1
DA:13,0
DA:14,0
DA:15,0
DA:16,0
DA:17,1
DA:18,1
DA:19,1
DA:20,1
DA:21,0
DA:22,0
DA:23,0
DA:24,0
DA:25,0
DA:26,0
DA:27,0
DA:28,0
DA:29,1
DA:30,1
DA:31,1
LF:31
LH:19
BRDA:8,0,0,2
BRF:1
BRH:1
end_of_record
TN:
SF:src/presentation/users/users.routes.ts
FN:6,get routes
FNF:1
FNH:1
FNDA:2,get routes
DA:1,1
DA:2,1
DA:3,1
DA:4,1
DA:5,1
DA:6,1
DA:7,2
DA:8,2
DA:9,2
DA:10,2
DA:11,2
DA:12,2
DA:13,2
DA:14,2
DA:15,2
DA:16,2
DA:17,2
DA:18,2
DA:19,1
DA:20,1
LF:20
LH:20
BRDA:6,0,0,2
BRF:1
BRH:1
end_of_record
